TN:
SF:src\index.ts
FNF:0
FNH:0
DA:6,1
DA:9,1
LF:2
LH:2
BRF:0
BRH:0
end_of_record
TN:
SF:src\formatters\index.ts
FNF:0
FNH:0
DA:5,1
DA:6,1
LF:2
LH:2
BRF:0
BRH:0
end_of_record
TN:
SF:src\formatters\text-formatter.ts
FN:20,formatText
FN:27,(anonymous_1)
FN:28,(anonymous_2)
FNF:3
FNH:2
FNDA:20,formatText
FNDA:16,(anonymous_1)
FNDA:0,(anonymous_2)
DA:20,2
DA:21,20
DA:24,20
DA:25,7
DA:27,16
DA:28,0
DA:31,20
DA:32,6
DA:39,20
DA:40,4
DA:43,20
DA:44,3
DA:47,20
DA:48,1
DA:51,20
DA:52,1
DA:60,1
DA:63,20
LF:18
LH:17
BRDA:20,0,0,1
BRDA:24,1,0,7
BRDA:31,2,0,6
BRDA:39,3,0,4
BRDA:43,4,0,3
BRDA:47,5,0,1
BRDA:51,6,0,1
BRF:7
BRH:7
end_of_record
TN:
SF:src\formatters\text-utils.ts
FN:10,capitalizeWords
FN:13,(anonymous_1)
FN:24,truncateText
FN:37,normalizeText
FNF:4
FNH:4
FNDA:6,capitalizeWords
FNDA:23,(anonymous_1)
FNDA:8,truncateText
FNDA:7,normalizeText
DA:10,2
DA:11,6
DA:13,23
DA:24,2
DA:25,8
DA:26,3
DA:29,5
DA:37,2
DA:38,7
LF:9
LH:9
BRDA:24,0,0,7
BRDA:25,1,0,3
BRF:2
BRH:2
end_of_record
TN:
SF:src\templates\html-template.ts
FN:17,createHtmlTemplate
FN:59,createTextBlock
FN:69,createQuoteBlock
FNF:3
FNH:3
FNDA:7,createHtmlTemplate
FNDA:4,createTextBlock
FNDA:5,createQuoteBlock
DA:17,2
DA:18,7
DA:20,7
DA:59,2
DA:60,4
DA:69,2
DA:70,5
DA:71,5
LF:8
LH:8
BRDA:17,0,0,1
BRDA:18,1,0,3
BRDA:18,2,0,5
BRDA:18,3,0,5
BRDA:59,4,0,2
BRDA:70,5,0,2
BRDA:70,5,1,3
BRF:7
BRH:7
end_of_record
TN:
SF:src\templates\index.ts
FNF:0
FNH:0
DA:5,1
LF:1
LH:1
BRF:0
BRH:0
end_of_record
